<?xml version="1.0" encoding="UTF-8"?>
<!-- Generated by org.testng.reporters.JUnitReportReporter -->
<testsuite hostname="DESKTOP-KT8PE57" failures="0" tests="1" name="testngPrograms.VerifyTitle" time="0.009" errors="0" timestamp="2023-04-25T20:29:21 EDT" skipped="0">
  <testcase classname="testngPrograms.VerifyTitle" name="titleVerification" time="0.009"/>
  <system-out/>
</testsuite> <!-- testngPrograms.VerifyTitle -->
