<?xml version="1.0" encoding="UTF-8"?>
<!-- Generated by org.testng.reporters.JUnitReportReporter -->
<testsuite hostname="DESKTOP-KT8PE57" failures="0" tests="1" name="demo.ExplicitWaitTestNG" time="5.319" errors="0" timestamp="2023-04-25T20:29:21 EDT" skipped="0">
  <testcase classname="demo.ExplicitWaitTestNG" name="explicitWait" time="5.319"/>
  <system-out/>
</testsuite> <!-- demo.ExplicitWaitTestNG -->
