<?xml version="1.0" encoding="UTF-8"?>
<!-- Generated by org.testng.reporters.JUnitReportReporter -->
<testsuite hostname="DESKTOP-KT8PE57" failures="0" tests="3" name="testngPrograms.CBT" time="0.087" errors="0" timestamp="2023-04-26T20:54:38 EDT" skipped="0">
  <testcase classname="testngPrograms.CBT" name="titleVerification" time="0.059"/>
  <system-out/>
  <testcase classname="testngPrograms.CBT" name="titleVerification" time="0.014"/>
  <system-out/>
  <testcase classname="testngPrograms.CBT" name="titleVerification" time="0.014"/>
  <system-out/>
</testsuite> <!-- testngPrograms.CBT -->
