<?xml version="1.0" encoding="UTF-8"?>
<!-- Generated by org.testng.reporters.JUnitReportReporter -->
<testsuite hostname="DESKTOP-KT8PE57" failures="0" tests="1" name="testngPrograms.EdgeDemo" time="0.060" errors="0" timestamp="2023-04-26T20:13:20 EDT" skipped="0">
  <testcase classname="testngPrograms.EdgeDemo" name="titleVerification" time="0.060"/>
  <system-out/>
</testsuite> <!-- testngPrograms.EdgeDemo -->
