<?xml version="1.0" encoding="UTF-8"?>
<!-- Generated by org.testng.reporters.JUnitReportReporter -->
<testsuite hostname="DESKTOP-KT8PE57" failures="0" tests="1" name="testngPrograms.VerifyTextIsDisplayed" time="0.035" errors="0" timestamp="2023-04-24T21:16:06 EDT" skipped="0">
  <testcase classname="testngPrograms.VerifyTextIsDisplayed" name="textVerification" time="0.035"/>
  <system-out/>
</testsuite> <!-- testngPrograms.VerifyTextIsDisplayed -->
