<?xml version="1.0" encoding="UTF-8"?>
<!-- Generated by org.testng.reporters.JUnitReportReporter -->
<testsuite hostname="DESKTOP-KT8PE57" failures="0" tests="1" name="testngPrograms.Test1" time="1.551" errors="0" timestamp="2023-04-26T21:10:48 EDT" skipped="0">
  <testcase classname="testngPrograms.Test1" name="launchBrowser" time="1.551"/>
  <system-out/>
</testsuite> <!-- testngPrograms.Test1 -->
