<?xml version="1.0" encoding="UTF-8"?>
<!-- Generated by org.testng.reporters.JUnitReportReporter -->
<testsuite hostname="DESKTOP-KT8PE57" failures="0" tests="1" name="testngPrograms.VerifyErrMsg" time="1.512" errors="0" timestamp="2023-04-25T20:29:21 EDT" skipped="0">
  <testcase classname="testngPrograms.VerifyErrMsg" name="verifyErrMsg" time="1.512"/>
  <system-out/>
</testsuite> <!-- testngPrograms.VerifyErrMsg -->
