<?xml version="1.0" encoding="UTF-8"?>
<!-- Generated by org.testng.reporters.JUnitReportReporter -->
<testsuite hostname="DESKTOP-KT8PE57" failures="0" tests="4" name="testngPrograms.MultipleValidations" time="0.058" errors="0" timestamp="2023-04-25T21:17:34 EDT" skipped="1">
  <testcase classname="testngPrograms.MultipleValidations" name="verifyTitle" time="0.012"/>
  <system-out/>
  <testcase classname="testngPrograms.MultipleValidations" name="verifyText" time="0.028"/>
  <system-out/>
  <testcase classname="testngPrograms.MultipleValidations" name="verifyCreateNewAccBtnIsEnabled" time="0.018"/>
  <system-out/>
  <testcase classname="testngPrograms.MultipleValidations" name="verifyLoginBtnColor">
    <skipped/>
  </testcase> <!-- verifyLoginBtnColor -->
  <system-out/>
</testsuite> <!-- testngPrograms.MultipleValidations -->
