<?xml version="1.0" encoding="UTF-8"?>
<!-- Generated by org.testng.reporters.JUnitReportReporter -->
<testsuite hostname="DESKTOP-KT8PE57" failures="0" tests="1" name="testngPrograms.FFDemo" time="0.016" errors="0" timestamp="2023-04-26T20:11:43 EDT" skipped="0">
  <testcase classname="testngPrograms.FFDemo" name="titleVerification" time="0.016"/>
  <system-out/>
</testsuite> <!-- testngPrograms.FFDemo -->
