<?xml version="1.0" encoding="UTF-8"?>
<!-- Generated by org.testng.reporters.JUnitReportReporter -->
<testsuite hostname="DESKTOP-KT8PE57" failures="0" tests="1" name="testngPrograms.LinkedInColorCode" time="0.087" errors="0" timestamp="2023-04-26T20:09:12 EDT" skipped="0">
  <testcase classname="testngPrograms.LinkedInColorCode" name="verifyTextColorCode" time="0.087"/>
  <system-out/>
</testsuite> <!-- testngPrograms.LinkedInColorCode -->
